<?xml version="1.0" encoding="UTF-8"?>
<!-- Generated by org.testng.reporters.JUnitReportReporter -->
<testsuite hostname="Diptalok_Sahoo" failures="0" tests="2" name="com.testScript.java.ScriptDel_Test2" time="-1711611648.000" errors="1" timestamp="2024-03-28T13:10:45 IST" skipped="1">
  <testcase classname="com.testScript.java.ScriptDel_Test2" name="BrowserLaunch" time="-1711611648.000">
    <error message="
Parameter &#039;Browser&#039; is required by BeforeClass on method BrowserLaunch but has not been marked @Optional or defined
in C:\eclipse_workspace-Selenium\Selenium_WebDriver_Automation_Complete_Concept\Suite Execution\Parallel Execution Distributed.xml" type="org.testng.TestNGException">
      <![CDATA[org.testng.TestNGException: 
Parameter 'Browser' is required by BeforeClass on method BrowserLaunch but has not been marked @Optional or defined
in C:\eclipse_workspace-Selenium\Selenium_WebDriver_Automation_Complete_Concept\Suite Execution\Parallel Execution Distributed.xml
at org.testng.internal.Parameters.createParams(Parameters.java:267)
at org.testng.internal.Parameters.createParametersForMethod(Parameters.java:355)
at org.testng.internal.Parameters.createParameters(Parameters.java:684)
at org.testng.internal.Parameters.createConfigurationParameters(Parameters.java:166)
at org.testng.internal.invokers.ConfigInvoker.invokeConfigurations(ConfigInvoker.java:277)
at org.testng.internal.invokers.TestMethodWorker.invokeBeforeClassMethods(TestMethodWorker.java:180)
at org.testng.internal.invokers.TestMethodWorker.run(TestMethodWorker.java:122)
at java.base/java.util.ArrayList.forEach(ArrayList.java:1511)
at org.testng.TestRunner.privateRun(TestRunner.java:829)
at org.testng.TestRunner.run(TestRunner.java:602)
at org.testng.SuiteRunner.runTest(SuiteRunner.java:437)
at org.testng.SuiteRunner$SuiteWorker.run(SuiteRunner.java:475)
at org.testng.internal.thread.ThreadUtil.lambda$execute$0(ThreadUtil.java:58)
at java.base/java.util.concurrent.FutureTask.run(FutureTask.java:264)
at java.base/java.util.concurrent.ThreadPoolExecutor.runWorker(ThreadPoolExecutor.java:1136)
at java.base/java.util.concurrent.ThreadPoolExecutor$Worker.run(ThreadPoolExecutor.java:635)
at java.base/java.lang.Thread.run(Thread.java:833)
]]>
    </error>
  </testcase> <!-- BrowserLaunch -->
  <system-out/>
  <testcase classname="com.testScript.java.ScriptDel_Test2" name="service_Contract_Test" time="0.000">
    <skipped/>
  </testcase> <!-- service_Contract_Test -->
  <system-out/>
</testsuite> <!-- com.testScript.java.ScriptDel_Test2 -->
